[0.114s] DEBUG:colcon:Command line arguments: ['/usr/bin/colcon', 'build', '--packages-select', 'tb4_square']
[0.114s] DEBUG:colcon:Parsed command line arguments: Namespace(log_base=None, log_level=None, verb_name='build', build_base='build', install_base='install', merge_install=False, symlink_install=False, test_result_base=None, continue_on_error=False, executor='parallel', parallel_workers=16, event_handlers=None, ignore_user_meta=False, metas=['./colcon.meta'], base_paths=['.'], packages_ignore=None, packages_ignore_regex=None, paths=None, packages_up_to=None, packages_up_to_regex=None, packages_above=None, packages_above_and_dependencies=None, packages_above_depth=None, packages_select_by_dep=None, packages_skip_by_dep=None, packages_skip_up_to=None, packages_select_build_failed=False, packages_skip_build_finished=False, packages_select_test_failures=False, packages_skip_test_passed=False, packages_select=['tb4_square'], packages_skip=None, packages_select_regex=None, packages_skip_regex=None, packages_start=None, packages_end=None, allow_overriding=[], cmake_args=None, cmake_target=None, cmake_target_skip_unavailable=False, cmake_clean_cache=False, cmake_clean_first=False, cmake_force_configure=False, ament_cmake_args=None, catkin_cmake_args=None, catkin_skip_building_tests=False, mixin_files=None, mixin=None, verb_parser=<colcon_mixin.mixin.mixin_argument.MixinArgumentDecorator object at 0x798b66e3e320>, verb_extension=<colcon_core.verb.build.BuildVerb object at 0x798b66e3d960>, main=<bound method BuildVerb.main of <colcon_core.verb.build.BuildVerb object at 0x798b66e3d960>>, mixin_verb=('build',))
[0.291s] Level 1:colcon.colcon_core.package_discovery:discover_packages(colcon_meta) check parameters
[0.291s] Level 1:colcon.colcon_core.package_discovery:discover_packages(recursive) check parameters
[0.291s] Level 1:colcon.colcon_core.package_discovery:discover_packages(ignore) check parameters
[0.291s] Level 1:colcon.colcon_core.package_discovery:discover_packages(path) check parameters
[0.291s] Level 1:colcon.colcon_core.package_discovery:discover_packages(colcon_meta) discover
[0.291s] Level 1:colcon.colcon_core.package_discovery:discover_packages(recursive) discover
[0.291s] INFO:colcon.colcon_core.package_discovery:Crawling recursively for packages in '/home/masu_ubu/turtlebot4_ws'
[0.292s] Level 1:colcon.colcon_core.package_identification:_identify(.) by extensions ['ignore', 'ignore_ament_install']
[0.292s] Level 1:colcon.colcon_core.package_identification:_identify(.) by extension 'ignore'
[0.292s] Level 1:colcon.colcon_core.package_identification:_identify(.) by extension 'ignore_ament_install'
[0.292s] Level 1:colcon.colcon_core.package_identification:_identify(.) by extensions ['colcon_pkg']
[0.292s] Level 1:colcon.colcon_core.package_identification:_identify(.) by extension 'colcon_pkg'
[0.292s] Level 1:colcon.colcon_core.package_identification:_identify(.) by extensions ['colcon_meta']
[0.292s] Level 1:colcon.colcon_core.package_identification:_identify(.) by extension 'colcon_meta'
[0.292s] Level 1:colcon.colcon_core.package_identification:_identify(.) by extensions ['ros']
[0.292s] Level 1:colcon.colcon_core.package_identification:_identify(.) by extension 'ros'
[0.303s] Level 1:colcon.colcon_core.package_identification:_identify(.) by extensions ['cmake', 'python']
[0.303s] Level 1:colcon.colcon_core.package_identification:_identify(.) by extension 'cmake'
[0.303s] Level 1:colcon.colcon_core.package_identification:_identify(.) by extension 'python'
[0.304s] Level 1:colcon.colcon_core.package_identification:_identify(.) by extensions ['python_setup_py']
[0.304s] Level 1:colcon.colcon_core.package_identification:_identify(.) by extension 'python_setup_py'
[0.304s] Level 1:colcon.colcon_core.package_identification:_identify(build) by extensions ['ignore', 'ignore_ament_install']
[0.304s] Level 1:colcon.colcon_core.package_identification:_identify(build) by extension 'ignore'
[0.304s] Level 1:colcon.colcon_core.package_identification:_identify(build) ignored
[0.304s] Level 1:colcon.colcon_core.package_identification:_identify(install) by extensions ['ignore', 'ignore_ament_install']
[0.304s] Level 1:colcon.colcon_core.package_identification:_identify(install) by extension 'ignore'
[0.304s] Level 1:colcon.colcon_core.package_identification:_identify(install) ignored
[0.304s] Level 1:colcon.colcon_core.package_identification:_identify(log) by extensions ['ignore', 'ignore_ament_install']
[0.304s] Level 1:colcon.colcon_core.package_identification:_identify(log) by extension 'ignore'
[0.304s] Level 1:colcon.colcon_core.package_identification:_identify(log) ignored
[0.304s] Level 1:colcon.colcon_core.package_identification:_identify(src) by extensions ['ignore', 'ignore_ament_install']
[0.305s] Level 1:colcon.colcon_core.package_identification:_identify(src) by extension 'ignore'
[0.305s] Level 1:colcon.colcon_core.package_identification:_identify(src) by extension 'ignore_ament_install'
[0.305s] Level 1:colcon.colcon_core.package_identification:_identify(src) by extensions ['colcon_pkg']
[0.305s] Level 1:colcon.colcon_core.package_identification:_identify(src) by extension 'colcon_pkg'
[0.305s] Level 1:colcon.colcon_core.package_identification:_identify(src) by extensions ['colcon_meta']
[0.305s] Level 1:colcon.colcon_core.package_identification:_identify(src) by extension 'colcon_meta'
[0.305s] Level 1:colcon.colcon_core.package_identification:_identify(src) by extensions ['ros']
[0.305s] Level 1:colcon.colcon_core.package_identification:_identify(src) by extension 'ros'
[0.305s] Level 1:colcon.colcon_core.package_identification:_identify(src) by extensions ['cmake', 'python']
[0.305s] Level 1:colcon.colcon_core.package_identification:_identify(src) by extension 'cmake'
[0.305s] Level 1:colcon.colcon_core.package_identification:_identify(src) by extension 'python'
[0.305s] Level 1:colcon.colcon_core.package_identification:_identify(src) by extensions ['python_setup_py']
[0.305s] Level 1:colcon.colcon_core.package_identification:_identify(src) by extension 'python_setup_py'
[0.305s] Level 1:colcon.colcon_core.package_identification:_identify(src/tb4_square) by extensions ['ignore', 'ignore_ament_install']
[0.305s] Level 1:colcon.colcon_core.package_identification:_identify(src/tb4_square) by extension 'ignore'
[0.305s] Level 1:colcon.colcon_core.package_identification:_identify(src/tb4_square) by extension 'ignore_ament_install'
[0.305s] Level 1:colcon.colcon_core.package_identification:_identify(src/tb4_square) by extensions ['colcon_pkg']
[0.305s] Level 1:colcon.colcon_core.package_identification:_identify(src/tb4_square) by extension 'colcon_pkg'
[0.305s] Level 1:colcon.colcon_core.package_identification:_identify(src/tb4_square) by extensions ['colcon_meta']
[0.305s] Level 1:colcon.colcon_core.package_identification:_identify(src/tb4_square) by extension 'colcon_meta'
[0.306s] Level 1:colcon.colcon_core.package_identification:_identify(src/tb4_square) by extensions ['ros']
[0.306s] Level 1:colcon.colcon_core.package_identification:_identify(src/tb4_square) by extension 'ros'
[0.308s] DEBUG:colcon.colcon_core.package_identification:Package 'src/tb4_square' with type 'ros.ament_python' and name 'tb4_square'
[0.308s] Level 1:colcon.colcon_core.package_discovery:discover_packages(recursive) using defaults
[0.308s] Level 1:colcon.colcon_core.package_discovery:discover_packages(ignore) discover
[0.308s] Level 1:colcon.colcon_core.package_discovery:discover_packages(ignore) using defaults
[0.308s] Level 1:colcon.colcon_core.package_discovery:discover_packages(path) discover
[0.308s] Level 1:colcon.colcon_core.package_discovery:discover_packages(path) using defaults
[0.339s] Level 1:colcon.colcon_core.package_discovery:discover_packages(prefix_path) check parameters
[0.339s] Level 1:colcon.colcon_core.package_discovery:discover_packages(prefix_path) discover
[0.342s] DEBUG:colcon.colcon_installed_package_information.package_discovery:Found 336 installed packages in /opt/ros/humble
[0.344s] Level 1:colcon.colcon_core.package_discovery:discover_packages(prefix_path) using defaults
[0.391s] Level 5:colcon.colcon_core.verb:set package 'tb4_square' build argument 'cmake_args' from command line to 'None'
[0.391s] Level 5:colcon.colcon_core.verb:set package 'tb4_square' build argument 'cmake_target' from command line to 'None'
[0.391s] Level 5:colcon.colcon_core.verb:set package 'tb4_square' build argument 'cmake_target_skip_unavailable' from command line to 'False'
[0.391s] Level 5:colcon.colcon_core.verb:set package 'tb4_square' build argument 'cmake_clean_cache' from command line to 'False'
[0.391s] Level 5:colcon.colcon_core.verb:set package 'tb4_square' build argument 'cmake_clean_first' from command line to 'False'
[0.391s] Level 5:colcon.colcon_core.verb:set package 'tb4_square' build argument 'cmake_force_configure' from command line to 'False'
[0.391s] Level 5:colcon.colcon_core.verb:set package 'tb4_square' build argument 'ament_cmake_args' from command line to 'None'
[0.391s] Level 5:colcon.colcon_core.verb:set package 'tb4_square' build argument 'catkin_cmake_args' from command line to 'None'
[0.391s] Level 5:colcon.colcon_core.verb:set package 'tb4_square' build argument 'catkin_skip_building_tests' from command line to 'False'
[0.391s] DEBUG:colcon.colcon_core.verb:Building package 'tb4_square' with the following arguments: {'ament_cmake_args': None, 'build_base': '/home/masu_ubu/turtlebot4_ws/build/tb4_square', 'catkin_cmake_args': None, 'catkin_skip_building_tests': False, 'cmake_args': None, 'cmake_clean_cache': False, 'cmake_clean_first': False, 'cmake_force_configure': False, 'cmake_target': None, 'cmake_target_skip_unavailable': False, 'install_base': '/home/masu_ubu/turtlebot4_ws/install/tb4_square', 'merge_install': False, 'path': '/home/masu_ubu/turtlebot4_ws/src/tb4_square', 'symlink_install': False, 'test_result_base': None}
[0.391s] INFO:colcon.colcon_core.executor:Executing jobs using 'parallel' executor
[0.392s] DEBUG:colcon.colcon_parallel_executor.executor.parallel:run_until_complete
[0.393s] INFO:colcon.colcon_ros.task.ament_python.build:Building ROS package in '/home/masu_ubu/turtlebot4_ws/src/tb4_square' with build type 'ament_python'
[0.393s] Level 1:colcon.colcon_core.shell:create_environment_hook('tb4_square', 'ament_prefix_path')
[0.395s] INFO:colcon.colcon_core.plugin_system:Skipping extension 'colcon_core.shell.bat': Not used on non-Windows systems
[0.395s] INFO:colcon.colcon_core.shell:Creating environment hook '/home/masu_ubu/turtlebot4_ws/install/tb4_square/share/tb4_square/hook/ament_prefix_path.ps1'
[0.395s] INFO:colcon.colcon_core.shell:Creating environment descriptor '/home/masu_ubu/turtlebot4_ws/install/tb4_square/share/tb4_square/hook/ament_prefix_path.dsv'
[0.396s] INFO:colcon.colcon_core.shell:Creating environment hook '/home/masu_ubu/turtlebot4_ws/install/tb4_square/share/tb4_square/hook/ament_prefix_path.sh'
[0.397s] INFO:colcon.colcon_core.shell:Skip shell extension 'powershell' for command environment: Not usable outside of PowerShell
[0.397s] DEBUG:colcon.colcon_core.shell:Skip shell extension 'dsv' for command environment
[30.681s] INFO:colcon.colcon_core.task.python.build:Building Python package in '/home/masu_ubu/turtlebot4_ws/src/tb4_square'
[30.681s] INFO:colcon.colcon_core.shell:Skip shell extension 'powershell' for command environment: Not usable outside of PowerShell
[30.681s] DEBUG:colcon.colcon_core.shell:Skip shell extension 'dsv' for command environment
[31.046s] DEBUG:colcon.colcon_core.event_handler.log_command:Invoking command in '/home/masu_ubu/turtlebot4_ws/src/tb4_square': PYTHONPATH=/home/masu_ubu/turtlebot4_ws/build/tb4_square/prefix_override:/usr/lib/python3/dist-packages/colcon_core/task/python/colcon_distutils_commands:/home/masu_ubu/turtlebot4_ws/install/tb4_square/lib/python3.10/site-packages:${PYTHONPATH} /usr/bin/python3 -W ignore:setup.py install is deprecated -W ignore:easy_install command is deprecated setup.py egg_info --egg-base ../../build/tb4_square build --build-base /home/masu_ubu/turtlebot4_ws/build/tb4_square/build install --record /home/masu_ubu/turtlebot4_ws/build/tb4_square/install.log --single-version-externally-managed install_data
[31.267s] DEBUG:colcon.colcon_core.event_handler.log_command:Invoked command in '/home/masu_ubu/turtlebot4_ws/src/tb4_square' returned '0': PYTHONPATH=/home/masu_ubu/turtlebot4_ws/build/tb4_square/prefix_override:/usr/lib/python3/dist-packages/colcon_core/task/python/colcon_distutils_commands:/home/masu_ubu/turtlebot4_ws/install/tb4_square/lib/python3.10/site-packages:${PYTHONPATH} /usr/bin/python3 -W ignore:setup.py install is deprecated -W ignore:easy_install command is deprecated setup.py egg_info --egg-base ../../build/tb4_square build --build-base /home/masu_ubu/turtlebot4_ws/build/tb4_square/build install --record /home/masu_ubu/turtlebot4_ws/build/tb4_square/install.log --single-version-externally-managed install_data
[31.269s] Level 1:colcon.colcon_core.environment:checking '/home/masu_ubu/turtlebot4_ws/install/tb4_square' for CMake module files
[31.269s] Level 1:colcon.colcon_core.environment:checking '/home/masu_ubu/turtlebot4_ws/install/tb4_square' for CMake config files
[31.270s] Level 1:colcon.colcon_core.environment:checking '/home/masu_ubu/turtlebot4_ws/install/tb4_square/lib'
[31.270s] Level 1:colcon.colcon_core.environment:checking '/home/masu_ubu/turtlebot4_ws/install/tb4_square/bin'
[31.270s] Level 1:colcon.colcon_core.environment:checking '/home/masu_ubu/turtlebot4_ws/install/tb4_square/lib/pkgconfig/tb4_square.pc'
[31.270s] Level 1:colcon.colcon_core.environment:checking '/home/masu_ubu/turtlebot4_ws/install/tb4_square/lib/python3.10/site-packages'
[31.270s] Level 1:colcon.colcon_core.shell:create_environment_hook('tb4_square', 'pythonpath')
[31.270s] INFO:colcon.colcon_core.shell:Creating environment hook '/home/masu_ubu/turtlebot4_ws/install/tb4_square/share/tb4_square/hook/pythonpath.ps1'
[31.271s] INFO:colcon.colcon_core.shell:Creating environment descriptor '/home/masu_ubu/turtlebot4_ws/install/tb4_square/share/tb4_square/hook/pythonpath.dsv'
[31.271s] INFO:colcon.colcon_core.shell:Creating environment hook '/home/masu_ubu/turtlebot4_ws/install/tb4_square/share/tb4_square/hook/pythonpath.sh'
[31.271s] Level 1:colcon.colcon_core.environment:checking '/home/masu_ubu/turtlebot4_ws/install/tb4_square/bin'
[31.271s] Level 1:colcon.colcon_core.environment:create_environment_scripts_only(tb4_square)
[31.271s] INFO:colcon.colcon_core.shell:Creating package script '/home/masu_ubu/turtlebot4_ws/install/tb4_square/share/tb4_square/package.ps1'
[31.272s] INFO:colcon.colcon_core.shell:Creating package descriptor '/home/masu_ubu/turtlebot4_ws/install/tb4_square/share/tb4_square/package.dsv'
[31.273s] INFO:colcon.colcon_core.shell:Creating package script '/home/masu_ubu/turtlebot4_ws/install/tb4_square/share/tb4_square/package.sh'
[31.273s] INFO:colcon.colcon_core.shell:Creating package script '/home/masu_ubu/turtlebot4_ws/install/tb4_square/share/tb4_square/package.bash'
[31.274s] INFO:colcon.colcon_core.shell:Creating package script '/home/masu_ubu/turtlebot4_ws/install/tb4_square/share/tb4_square/package.zsh'
[31.274s] Level 1:colcon.colcon_core.environment:create_file_with_runtime_dependencies(/home/masu_ubu/turtlebot4_ws/install/tb4_square/share/colcon-core/packages/tb4_square)
[31.274s] DEBUG:colcon.colcon_parallel_executor.executor.parallel:closing loop
[31.274s] DEBUG:colcon.colcon_parallel_executor.executor.parallel:loop closed
[31.274s] DEBUG:colcon.colcon_parallel_executor.executor.parallel:run_until_complete finished with '0'
[31.274s] DEBUG:colcon.colcon_core.event_reactor:joining thread
[31.279s] INFO:colcon.colcon_core.plugin_system:Skipping extension 'colcon_notification.desktop_notification.terminal_notifier': Not used on non-Darwin systems
[31.279s] INFO:colcon.colcon_core.plugin_system:Skipping extension 'colcon_notification.desktop_notification.win32': Not used on non-Windows systems
[31.279s] INFO:colcon.colcon_notification.desktop_notification:Sending desktop notification using 'notify2'
[31.279s] DEBUG:colcon.colcon_notification.desktop_notification.notify2:Failed to initialize notify2: org.freedesktop.DBus.Error.AccessDenied: Failed to connect to socket /run/user/1002/bus: Operation not permitted
[31.279s] DEBUG:colcon.colcon_core.event_reactor:joined thread
[31.279s] INFO:colcon.colcon_core.shell:Creating prefix script '/home/masu_ubu/turtlebot4_ws/install/local_setup.ps1'
[31.280s] INFO:colcon.colcon_core.shell:Creating prefix util module '/home/masu_ubu/turtlebot4_ws/install/_local_setup_util_ps1.py'
[31.281s] INFO:colcon.colcon_core.shell:Creating prefix chain script '/home/masu_ubu/turtlebot4_ws/install/setup.ps1'
[31.282s] INFO:colcon.colcon_core.shell:Creating prefix script '/home/masu_ubu/turtlebot4_ws/install/local_setup.sh'
[31.282s] INFO:colcon.colcon_core.shell:Creating prefix util module '/home/masu_ubu/turtlebot4_ws/install/_local_setup_util_sh.py'
[31.283s] INFO:colcon.colcon_core.shell:Creating prefix chain script '/home/masu_ubu/turtlebot4_ws/install/setup.sh'
[31.284s] INFO:colcon.colcon_core.shell:Creating prefix script '/home/masu_ubu/turtlebot4_ws/install/local_setup.bash'
[31.284s] INFO:colcon.colcon_core.shell:Creating prefix chain script '/home/masu_ubu/turtlebot4_ws/install/setup.bash'
[31.285s] INFO:colcon.colcon_core.shell:Creating prefix script '/home/masu_ubu/turtlebot4_ws/install/local_setup.zsh'
[31.285s] INFO:colcon.colcon_core.shell:Creating prefix chain script '/home/masu_ubu/turtlebot4_ws/install/setup.zsh'
