running egg_info
writing ../../build/tb4_square/tb4_square.egg-info/PKG-INFO
writing dependency_links to ../../build/tb4_square/tb4_square.egg-info/dependency_links.txt
writing entry points to ../../build/tb4_square/tb4_square.egg-info/entry_points.txt
writing requirements to ../../build/tb4_square/tb4_square.egg-info/requires.txt
writing top-level names to ../../build/tb4_square/tb4_square.egg-info/top_level.txt
reading manifest file '../../build/tb4_square/tb4_square.egg-info/SOURCES.txt'
writing manifest file '../../build/tb4_square/tb4_square.egg-info/SOURCES.txt'
running build
running build_py
copying tb4_square/square_driver.py -> /home/masu_ubu/turtlebot4_ws/build/tb4_square/build/lib/tb4_square
running install
running install_lib
copying /home/masu_ubu/turtlebot4_ws/build/tb4_square/build/lib/tb4_square/square_driver.py -> /home/masu_ubu/turtlebot4_ws/install/tb4_square/lib/python3.10/site-packages/tb4_square
byte-compiling /home/masu_ubu/turtlebot4_ws/install/tb4_square/lib/python3.10/site-packages/tb4_square/square_driver.py to square_driver.cpython-310.pyc
running install_data
copying launch/square_driver.launch.py -> /home/masu_ubu/turtlebot4_ws/install/tb4_square/share/tb4_square/launch
running install_egg_info
removing '/home/masu_ubu/turtlebot4_ws/install/tb4_square/lib/python3.10/site-packages/tb4_square-0.0.1-py3.10.egg-info' (and everything under it)
Copying ../../build/tb4_square/tb4_square.egg-info to /home/masu_ubu/turtlebot4_ws/install/tb4_square/lib/python3.10/site-packages/tb4_square-0.0.1-py3.10.egg-info
running install_scripts
Installing square_driver script to /home/masu_ubu/turtlebot4_ws/install/tb4_square/lib/tb4_square
writing list of installed files to '/home/masu_ubu/turtlebot4_ws/build/tb4_square/install.log'
