[30.390s] Invoking command in '/home/masu_ubu/turtlebot4_ws/src/tb4_square': PYTHONPATH=/home/masu_ubu/turtlebot4_ws/build/tb4_square/prefix_override:/usr/lib/python3/dist-packages/colcon_core/task/python/colcon_distutils_commands:/home/masu_ubu/turtlebot4_ws/install/tb4_square/lib/python3.10/site-packages:${PYTHONPATH} /usr/bin/python3 -W ignore:setup.py install is deprecated -W ignore:easy_install command is deprecated setup.py egg_info --egg-base ../../build/tb4_square build --build-base /home/masu_ubu/turtlebot4_ws/build/tb4_square/build install --record /home/masu_ubu/turtlebot4_ws/build/tb4_square/install.log --single-version-externally-managed install_data
[30.552s] running egg_info
[30.552s] writing ../../build/tb4_square/tb4_square.egg-info/PKG-INFO
[30.552s] writing dependency_links to ../../build/tb4_square/tb4_square.egg-info/dependency_links.txt
[30.552s] writing entry points to ../../build/tb4_square/tb4_square.egg-info/entry_points.txt
[30.553s] writing requirements to ../../build/tb4_square/tb4_square.egg-info/requires.txt
[30.553s] writing top-level names to ../../build/tb4_square/tb4_square.egg-info/top_level.txt
[30.554s] reading manifest file '../../build/tb4_square/tb4_square.egg-info/SOURCES.txt'
[30.554s] writing manifest file '../../build/tb4_square/tb4_square.egg-info/SOURCES.txt'
[30.554s] running build
[30.554s] running build_py
[30.554s] copying tb4_square/square_driver.py -> /home/masu_ubu/turtlebot4_ws/build/tb4_square/build/lib/tb4_square
[30.555s] running install
[30.555s] running install_lib
[30.555s] copying /home/masu_ubu/turtlebot4_ws/build/tb4_square/build/lib/tb4_square/square_driver.py -> /home/masu_ubu/turtlebot4_ws/install/tb4_square/lib/python3.10/site-packages/tb4_square
[30.556s] byte-compiling /home/masu_ubu/turtlebot4_ws/install/tb4_square/lib/python3.10/site-packages/tb4_square/square_driver.py to square_driver.cpython-310.pyc
[30.556s] running install_data
[30.556s] copying package.xml -> /home/masu_ubu/turtlebot4_ws/install/tb4_square/share/tb4_square
[30.557s] creating /home/masu_ubu/turtlebot4_ws/install/tb4_square/share/tb4_square/launch
[30.557s] copying launch/square_driver.launch.py -> /home/masu_ubu/turtlebot4_ws/install/tb4_square/share/tb4_square/launch
[30.557s] running install_egg_info
[30.558s] removing '/home/masu_ubu/turtlebot4_ws/install/tb4_square/lib/python3.10/site-packages/tb4_square-0.0.1-py3.10.egg-info' (and everything under it)
[30.558s] Copying ../../build/tb4_square/tb4_square.egg-info to /home/masu_ubu/turtlebot4_ws/install/tb4_square/lib/python3.10/site-packages/tb4_square-0.0.1-py3.10.egg-info
[30.559s] running install_scripts
[30.572s] Installing square_driver script to /home/masu_ubu/turtlebot4_ws/install/tb4_square/lib/tb4_square
[30.572s] writing list of installed files to '/home/masu_ubu/turtlebot4_ws/build/tb4_square/install.log'
[30.588s] Invoked command in '/home/masu_ubu/turtlebot4_ws/src/tb4_square' returned '0': PYTHONPATH=/home/masu_ubu/turtlebot4_ws/build/tb4_square/prefix_override:/usr/lib/python3/dist-packages/colcon_core/task/python/colcon_distutils_commands:/home/masu_ubu/turtlebot4_ws/install/tb4_square/lib/python3.10/site-packages:${PYTHONPATH} /usr/bin/python3 -W ignore:setup.py install is deprecated -W ignore:easy_install command is deprecated setup.py egg_info --egg-base ../../build/tb4_square build --build-base /home/masu_ubu/turtlebot4_ws/build/tb4_square/build install --record /home/masu_ubu/turtlebot4_ws/build/tb4_square/install.log --single-version-externally-managed install_data
