running egg_info
writing ../../build/tb4_square/tb4_square.egg-info/PKG-INFO
writing dependency_links to ../../build/tb4_square/tb4_square.egg-info/dependency_links.txt
writing entry points to ../../build/tb4_square/tb4_square.egg-info/entry_points.txt
writing requirements to ../../build/tb4_square/tb4_square.egg-info/requires.txt
writing top-level names to ../../build/tb4_square/tb4_square.egg-info/top_level.txt
reading manifest file '../../build/tb4_square/tb4_square.egg-info/SOURCES.txt'
writing manifest file '../../build/tb4_square/tb4_square.egg-info/SOURCES.txt'
running build
running build_py
running install
running install_lib
running install_data
copying package.xml -> /home/masu_ubu/turtlebot4_ws/install/tb4_square/share/tb4_square
copying launch/robot2_rviz.launch.py -> /home/masu_ubu/turtlebot4_ws/install/tb4_square/share/tb4_square/launch
creating /home/masu_ubu/turtlebot4_ws/install/tb4_square/share/tb4_square/rviz
copying rviz/robot2.rviz -> /home/masu_ubu/turtlebot4_ws/install/tb4_square/share/tb4_square/rviz
running install_egg_info
removing '/home/masu_ubu/turtlebot4_ws/install/tb4_square/lib/python3.10/site-packages/tb4_square-0.0.1-py3.10.egg-info' (and everything under it)
Copying ../../build/tb4_square/tb4_square.egg-info to /home/masu_ubu/turtlebot4_ws/install/tb4_square/lib/python3.10/site-packages/tb4_square-0.0.1-py3.10.egg-info
running install_scripts
Installing square_driver script to /home/masu_ubu/turtlebot4_ws/install/tb4_square/lib/tb4_square
writing list of installed files to '/home/masu_ubu/turtlebot4_ws/build/tb4_square/install.log'
