[0.456s] Invoking command in '/home/masu_ubu/turtlebot4_ws/src/tb4_square': PYTHONPATH=/home/masu_ubu/turtlebot4_ws/build/tb4_square/prefix_override:/usr/lib/python3/dist-packages/colcon_core/task/python/colcon_distutils_commands:/home/masu_ubu/turtlebot4_ws/install/tb4_square/lib/python3.10/site-packages:${PYTHONPATH} /usr/bin/python3 -W ignore:setup.py install is deprecated -W ignore:easy_install command is deprecated setup.py egg_info --egg-base ../../build/tb4_square build --build-base /home/masu_ubu/turtlebot4_ws/build/tb4_square/build install --record /home/masu_ubu/turtlebot4_ws/build/tb4_square/install.log --single-version-externally-managed install_data
[0.616s] running egg_info
[0.616s] writing ../../build/tb4_square/tb4_square.egg-info/PKG-INFO
[0.616s] writing dependency_links to ../../build/tb4_square/tb4_square.egg-info/dependency_links.txt
[0.616s] writing entry points to ../../build/tb4_square/tb4_square.egg-info/entry_points.txt
[0.616s] writing requirements to ../../build/tb4_square/tb4_square.egg-info/requires.txt
[0.617s] writing top-level names to ../../build/tb4_square/tb4_square.egg-info/top_level.txt
[0.618s] reading manifest file '../../build/tb4_square/tb4_square.egg-info/SOURCES.txt'
[0.618s] writing manifest file '../../build/tb4_square/tb4_square.egg-info/SOURCES.txt'
[0.618s] running build
[0.618s] running build_py
[0.618s] running install
[0.619s] running install_lib
[0.619s] running install_data
[0.620s] copying package.xml -> /home/masu_ubu/turtlebot4_ws/install/tb4_square/share/tb4_square
[0.620s] copying launch/robot2_rviz.launch.py -> /home/masu_ubu/turtlebot4_ws/install/tb4_square/share/tb4_square/launch
[0.620s] creating /home/masu_ubu/turtlebot4_ws/install/tb4_square/share/tb4_square/rviz
[0.620s] copying rviz/robot2.rviz -> /home/masu_ubu/turtlebot4_ws/install/tb4_square/share/tb4_square/rviz
[0.620s] running install_egg_info
[0.621s] removing '/home/masu_ubu/turtlebot4_ws/install/tb4_square/lib/python3.10/site-packages/tb4_square-0.0.1-py3.10.egg-info' (and everything under it)
[0.621s] Copying ../../build/tb4_square/tb4_square.egg-info to /home/masu_ubu/turtlebot4_ws/install/tb4_square/lib/python3.10/site-packages/tb4_square-0.0.1-py3.10.egg-info
[0.622s] running install_scripts
[0.637s] Installing square_driver script to /home/masu_ubu/turtlebot4_ws/install/tb4_square/lib/tb4_square
[0.637s] writing list of installed files to '/home/masu_ubu/turtlebot4_ws/build/tb4_square/install.log'
[0.656s] Invoked command in '/home/masu_ubu/turtlebot4_ws/src/tb4_square' returned '0': PYTHONPATH=/home/masu_ubu/turtlebot4_ws/build/tb4_square/prefix_override:/usr/lib/python3/dist-packages/colcon_core/task/python/colcon_distutils_commands:/home/masu_ubu/turtlebot4_ws/install/tb4_square/lib/python3.10/site-packages:${PYTHONPATH} /usr/bin/python3 -W ignore:setup.py install is deprecated -W ignore:easy_install command is deprecated setup.py egg_info --egg-base ../../build/tb4_square build --build-base /home/masu_ubu/turtlebot4_ws/build/tb4_square/build install --record /home/masu_ubu/turtlebot4_ws/build/tb4_square/install.log --single-version-externally-managed install_data
