[0.488s] Invoking command in '/home/masu_ubu/turtlebot4_ws/src/tb4_square': PYTHONPATH=/home/masu_ubu/turtlebot4_ws/build/tb4_square/prefix_override:/usr/lib/python3/dist-packages/colcon_core/task/python/colcon_distutils_commands:/home/masu_ubu/turtlebot4_ws/install/tb4_square/lib/python3.10/site-packages:${PYTHONPATH} /usr/bin/python3 -W ignore:setup.py install is deprecated -W ignore:easy_install command is deprecated setup.py egg_info --egg-base ../../build/tb4_square build --build-base /home/masu_ubu/turtlebot4_ws/build/tb4_square/build install --record /home/masu_ubu/turtlebot4_ws/build/tb4_square/install.log --single-version-externally-managed install_data
[0.649s] running egg_info
[0.649s] writing ../../build/tb4_square/tb4_square.egg-info/PKG-INFO
[0.649s] writing dependency_links to ../../build/tb4_square/tb4_square.egg-info/dependency_links.txt
[0.649s] writing entry points to ../../build/tb4_square/tb4_square.egg-info/entry_points.txt
[0.649s] writing requirements to ../../build/tb4_square/tb4_square.egg-info/requires.txt
[0.650s] writing top-level names to ../../build/tb4_square/tb4_square.egg-info/top_level.txt
[0.651s] reading manifest file '../../build/tb4_square/tb4_square.egg-info/SOURCES.txt'
[0.651s] writing manifest file '../../build/tb4_square/tb4_square.egg-info/SOURCES.txt'
[0.651s] running build
[0.651s] running build_py
[0.651s] copying tb4_square/odom_path_publisher.py -> /home/masu_ubu/turtlebot4_ws/build/tb4_square/build/lib/tb4_square
[0.651s] running install
[0.652s] running install_lib
[0.652s] copying /home/masu_ubu/turtlebot4_ws/build/tb4_square/build/lib/tb4_square/odom_path_publisher.py -> /home/masu_ubu/turtlebot4_ws/install/tb4_square/lib/python3.10/site-packages/tb4_square
[0.652s] byte-compiling /home/masu_ubu/turtlebot4_ws/install/tb4_square/lib/python3.10/site-packages/tb4_square/odom_path_publisher.py to odom_path_publisher.cpython-310.pyc
[0.653s] running install_data
[0.653s] copying package.xml -> /home/masu_ubu/turtlebot4_ws/install/tb4_square/share/tb4_square
[0.653s] copying launch/robot2_rviz.launch.py -> /home/masu_ubu/turtlebot4_ws/install/tb4_square/share/tb4_square/launch
[0.653s] copying rviz/robot2.rviz -> /home/masu_ubu/turtlebot4_ws/install/tb4_square/share/tb4_square/rviz
[0.653s] running install_egg_info
[0.654s] removing '/home/masu_ubu/turtlebot4_ws/install/tb4_square/lib/python3.10/site-packages/tb4_square-0.0.1-py3.10.egg-info' (and everything under it)
[0.655s] Copying ../../build/tb4_square/tb4_square.egg-info to /home/masu_ubu/turtlebot4_ws/install/tb4_square/lib/python3.10/site-packages/tb4_square-0.0.1-py3.10.egg-info
[0.655s] running install_scripts
[0.670s] Installing odom_path_publisher script to /home/masu_ubu/turtlebot4_ws/install/tb4_square/lib/tb4_square
[0.670s] Installing square_driver script to /home/masu_ubu/turtlebot4_ws/install/tb4_square/lib/tb4_square
[0.670s] writing list of installed files to '/home/masu_ubu/turtlebot4_ws/build/tb4_square/install.log'
[0.689s] Invoked command in '/home/masu_ubu/turtlebot4_ws/src/tb4_square' returned '0': PYTHONPATH=/home/masu_ubu/turtlebot4_ws/build/tb4_square/prefix_override:/usr/lib/python3/dist-packages/colcon_core/task/python/colcon_distutils_commands:/home/masu_ubu/turtlebot4_ws/install/tb4_square/lib/python3.10/site-packages:${PYTHONPATH} /usr/bin/python3 -W ignore:setup.py install is deprecated -W ignore:easy_install command is deprecated setup.py egg_info --egg-base ../../build/tb4_square build --build-base /home/masu_ubu/turtlebot4_ws/build/tb4_square/build install --record /home/masu_ubu/turtlebot4_ws/build/tb4_square/install.log --single-version-externally-managed install_data
