/home/masu_ubu/turtlebot4_ws/install/tb4_square/lib/python3.10/site-packages/tb4_square/square_driver.py
/home/masu_ubu/turtlebot4_ws/install/tb4_square/lib/python3.10/site-packages/tb4_square/__init__.py
/home/masu_ubu/turtlebot4_ws/install/tb4_square/lib/python3.10/site-packages/tb4_square/odom_path_publisher.py
/home/masu_ubu/turtlebot4_ws/install/tb4_square/lib/python3.10/site-packages/tb4_square/__pycache__/square_driver.cpython-310.pyc
/home/masu_ubu/turtlebot4_ws/install/tb4_square/lib/python3.10/site-packages/tb4_square/__pycache__/__init__.cpython-310.pyc
/home/masu_ubu/turtlebot4_ws/install/tb4_square/lib/python3.10/site-packages/tb4_square/__pycache__/odom_path_publisher.cpython-310.pyc
/home/masu_ubu/turtlebot4_ws/install/tb4_square/share/ament_index/resource_index/packages/tb4_square
/home/masu_ubu/turtlebot4_ws/install/tb4_square/share/tb4_square/package.xml
/home/masu_ubu/turtlebot4_ws/install/tb4_square/share/tb4_square/launch/square_driver.launch.py
/home/masu_ubu/turtlebot4_ws/install/tb4_square/share/tb4_square/launch/robot2_rviz.launch.py
/home/masu_ubu/turtlebot4_ws/install/tb4_square/share/tb4_square/rviz/robot2.rviz
/home/masu_ubu/turtlebot4_ws/install/tb4_square/lib/python3.10/site-packages/tb4_square-0.0.1-py3.10.egg-info/dependency_links.txt
/home/masu_ubu/turtlebot4_ws/install/tb4_square/lib/python3.10/site-packages/tb4_square-0.0.1-py3.10.egg-info/entry_points.txt
/home/masu_ubu/turtlebot4_ws/install/tb4_square/lib/python3.10/site-packages/tb4_square-0.0.1-py3.10.egg-info/top_level.txt
/home/masu_ubu/turtlebot4_ws/install/tb4_square/lib/python3.10/site-packages/tb4_square-0.0.1-py3.10.egg-info/PKG-INFO
/home/masu_ubu/turtlebot4_ws/install/tb4_square/lib/python3.10/site-packages/tb4_square-0.0.1-py3.10.egg-info/requires.txt
/home/masu_ubu/turtlebot4_ws/install/tb4_square/lib/python3.10/site-packages/tb4_square-0.0.1-py3.10.egg-info/zip-safe
/home/masu_ubu/turtlebot4_ws/install/tb4_square/lib/python3.10/site-packages/tb4_square-0.0.1-py3.10.egg-info/SOURCES.txt
/home/masu_ubu/turtlebot4_ws/install/tb4_square/lib/tb4_square/odom_path_publisher
/home/masu_ubu/turtlebot4_ws/install/tb4_square/lib/tb4_square/square_driver
