running egg_info
creating ../../build/tb4_square/tb4_square.egg-info
writing ../../build/tb4_square/tb4_square.egg-info/PKG-INFO
writing dependency_links to ../../build/tb4_square/tb4_square.egg-info/dependency_links.txt
writing entry points to ../../build/tb4_square/tb4_square.egg-info/entry_points.txt
writing requirements to ../../build/tb4_square/tb4_square.egg-info/requires.txt
writing top-level names to ../../build/tb4_square/tb4_square.egg-info/top_level.txt
writing manifest file '../../build/tb4_square/tb4_square.egg-info/SOURCES.txt'
reading manifest file '../../build/tb4_square/tb4_square.egg-info/SOURCES.txt'
writing manifest file '../../build/tb4_square/tb4_square.egg-info/SOURCES.txt'
running build
running build_py
creating /home/masu_ubu/turtlebot4_ws/build/tb4_square/build
creating /home/masu_ubu/turtlebot4_ws/build/tb4_square/build/lib
creating /home/masu_ubu/turtlebot4_ws/build/tb4_square/build/lib/tb4_square
copying tb4_square/square_driver.py -> /home/masu_ubu/turtlebot4_ws/build/tb4_square/build/lib/tb4_square
copying tb4_square/__init__.py -> /home/masu_ubu/turtlebot4_ws/build/tb4_square/build/lib/tb4_square
running install
running install_lib
creating /home/masu_ubu/turtlebot4_ws/install/tb4_square/lib/python3.10/site-packages/tb4_square
copying /home/masu_ubu/turtlebot4_ws/build/tb4_square/build/lib/tb4_square/square_driver.py -> /home/masu_ubu/turtlebot4_ws/install/tb4_square/lib/python3.10/site-packages/tb4_square
copying /home/masu_ubu/turtlebot4_ws/build/tb4_square/build/lib/tb4_square/__init__.py -> /home/masu_ubu/turtlebot4_ws/install/tb4_square/lib/python3.10/site-packages/tb4_square
byte-compiling /home/masu_ubu/turtlebot4_ws/install/tb4_square/lib/python3.10/site-packages/tb4_square/square_driver.py to square_driver.cpython-310.pyc
byte-compiling /home/masu_ubu/turtlebot4_ws/install/tb4_square/lib/python3.10/site-packages/tb4_square/__init__.py to __init__.cpython-310.pyc
running install_data
creating /home/masu_ubu/turtlebot4_ws/install/tb4_square/share/ament_index
creating /home/masu_ubu/turtlebot4_ws/install/tb4_square/share/ament_index/resource_index
creating /home/masu_ubu/turtlebot4_ws/install/tb4_square/share/ament_index/resource_index/packages
copying resource/tb4_square -> /home/masu_ubu/turtlebot4_ws/install/tb4_square/share/ament_index/resource_index/packages
copying package.xml -> /home/masu_ubu/turtlebot4_ws/install/tb4_square/share/tb4_square
running install_egg_info
Copying ../../build/tb4_square/tb4_square.egg-info to /home/masu_ubu/turtlebot4_ws/install/tb4_square/lib/python3.10/site-packages/tb4_square-0.0.1-py3.10.egg-info
running install_scripts
Installing square_driver script to /home/masu_ubu/turtlebot4_ws/install/tb4_square/lib/tb4_square
writing list of installed files to '/home/masu_ubu/turtlebot4_ws/build/tb4_square/install.log'
