[30.429s] Invoking command in '/home/masu_ubu/turtlebot4_ws/src/tb4_square': PYTHONPATH=/home/masu_ubu/turtlebot4_ws/build/tb4_square/prefix_override:/usr/lib/python3/dist-packages/colcon_core/task/python/colcon_distutils_commands:/home/masu_ubu/turtlebot4_ws/install/tb4_square/lib/python3.10/site-packages:${PYTHONPATH} /usr/bin/python3 -W ignore:setup.py install is deprecated -W ignore:easy_install command is deprecated setup.py egg_info --egg-base ../../build/tb4_square build --build-base /home/masu_ubu/turtlebot4_ws/build/tb4_square/build install --record /home/masu_ubu/turtlebot4_ws/build/tb4_square/install.log --single-version-externally-managed install_data
[30.629s] running egg_info
[30.630s] creating ../../build/tb4_square/tb4_square.egg-info
[30.630s] writing ../../build/tb4_square/tb4_square.egg-info/PKG-INFO
[30.630s] writing dependency_links to ../../build/tb4_square/tb4_square.egg-info/dependency_links.txt
[30.630s] writing entry points to ../../build/tb4_square/tb4_square.egg-info/entry_points.txt
[30.630s] writing requirements to ../../build/tb4_square/tb4_square.egg-info/requires.txt
[30.630s] writing top-level names to ../../build/tb4_square/tb4_square.egg-info/top_level.txt
[30.630s] writing manifest file '../../build/tb4_square/tb4_square.egg-info/SOURCES.txt'
[30.631s] reading manifest file '../../build/tb4_square/tb4_square.egg-info/SOURCES.txt'
[30.631s] writing manifest file '../../build/tb4_square/tb4_square.egg-info/SOURCES.txt'
[30.631s] running build
[30.631s] running build_py
[30.631s] creating /home/masu_ubu/turtlebot4_ws/build/tb4_square/build
[30.632s] creating /home/masu_ubu/turtlebot4_ws/build/tb4_square/build/lib
[30.632s] creating /home/masu_ubu/turtlebot4_ws/build/tb4_square/build/lib/tb4_square
[30.632s] copying tb4_square/square_driver.py -> /home/masu_ubu/turtlebot4_ws/build/tb4_square/build/lib/tb4_square
[30.632s] copying tb4_square/__init__.py -> /home/masu_ubu/turtlebot4_ws/build/tb4_square/build/lib/tb4_square
[30.632s] running install
[30.632s] running install_lib
[30.632s] creating /home/masu_ubu/turtlebot4_ws/install/tb4_square/lib/python3.10/site-packages/tb4_square
[30.632s] copying /home/masu_ubu/turtlebot4_ws/build/tb4_square/build/lib/tb4_square/square_driver.py -> /home/masu_ubu/turtlebot4_ws/install/tb4_square/lib/python3.10/site-packages/tb4_square
[30.633s] copying /home/masu_ubu/turtlebot4_ws/build/tb4_square/build/lib/tb4_square/__init__.py -> /home/masu_ubu/turtlebot4_ws/install/tb4_square/lib/python3.10/site-packages/tb4_square
[30.633s] byte-compiling /home/masu_ubu/turtlebot4_ws/install/tb4_square/lib/python3.10/site-packages/tb4_square/square_driver.py to square_driver.cpython-310.pyc
[30.633s] byte-compiling /home/masu_ubu/turtlebot4_ws/install/tb4_square/lib/python3.10/site-packages/tb4_square/__init__.py to __init__.cpython-310.pyc
[30.634s] running install_data
[30.634s] creating /home/masu_ubu/turtlebot4_ws/install/tb4_square/share/ament_index
[30.634s] creating /home/masu_ubu/turtlebot4_ws/install/tb4_square/share/ament_index/resource_index
[30.634s] creating /home/masu_ubu/turtlebot4_ws/install/tb4_square/share/ament_index/resource_index/packages
[30.634s] copying resource/tb4_square -> /home/masu_ubu/turtlebot4_ws/install/tb4_square/share/ament_index/resource_index/packages
[30.634s] copying package.xml -> /home/masu_ubu/turtlebot4_ws/install/tb4_square/share/tb4_square
[30.634s] running install_egg_info
[30.635s] Copying ../../build/tb4_square/tb4_square.egg-info to /home/masu_ubu/turtlebot4_ws/install/tb4_square/lib/python3.10/site-packages/tb4_square-0.0.1-py3.10.egg-info
[30.635s] running install_scripts
[30.649s] Installing square_driver script to /home/masu_ubu/turtlebot4_ws/install/tb4_square/lib/tb4_square
[30.649s] writing list of installed files to '/home/masu_ubu/turtlebot4_ws/build/tb4_square/install.log'
[30.668s] Invoked command in '/home/masu_ubu/turtlebot4_ws/src/tb4_square' returned '0': PYTHONPATH=/home/masu_ubu/turtlebot4_ws/build/tb4_square/prefix_override:/usr/lib/python3/dist-packages/colcon_core/task/python/colcon_distutils_commands:/home/masu_ubu/turtlebot4_ws/install/tb4_square/lib/python3.10/site-packages:${PYTHONPATH} /usr/bin/python3 -W ignore:setup.py install is deprecated -W ignore:easy_install command is deprecated setup.py egg_info --egg-base ../../build/tb4_square build --build-base /home/masu_ubu/turtlebot4_ws/build/tb4_square/build install --record /home/masu_ubu/turtlebot4_ws/build/tb4_square/install.log --single-version-externally-managed install_data
